[debug] [2020-06-12T18:51:09.813Z] ----------------------------------------------------------------------
[debug] [2020-06-12T18:51:09.815Z] Command:       C:\Program Files\nodejs\node.exe C:\Users\atd68\AppData\Roaming\npm\node_modules\firebase-tools\lib\bin\firebase.js deploy
[debug] [2020-06-12T18:51:09.816Z] CLI Version:   8.4.0
[debug] [2020-06-12T18:51:09.816Z] Platform:      win32
[debug] [2020-06-12T18:51:09.816Z] Node Version:  v10.14.2
[debug] [2020-06-12T18:51:09.817Z] Time:          Fri Jun 12 2020 14:51:09 GMT-0400 (Eastern Daylight Time)
[debug] [2020-06-12T18:51:09.817Z] ----------------------------------------------------------------------
[debug] [2020-06-12T18:51:09.817Z] 
[debug] [2020-06-12T18:51:09.833Z] > command requires scopes: ["email","openid","https://www.googleapis.com/auth/cloudplatformprojects.readonly","https://www.googleapis.com/auth/firebase","https://www.googleapis.com/auth/cloud-platform"]
[debug] [2020-06-12T18:51:09.834Z] > authorizing via signed-in user
[debug] [2020-06-12T18:51:09.834Z] [iam] checking project ucla-18144 for permissions ["datastore.indexes.create","datastore.indexes.delete","datastore.indexes.list","datastore.indexes.update","firebase.projects.get","firebasedatabase.instances.update","firebasehosting.sites.update"]
[debug] [2020-06-12T18:51:09.837Z] > refreshing access token with scopes: ["email","https://www.googleapis.com/auth/cloud-platform","https://www.googleapis.com/auth/cloudplatformprojects.readonly","https://www.googleapis.com/auth/firebase","openid"]
[debug] [2020-06-12T18:51:09.838Z] >>> HTTP REQUEST POST https://www.googleapis.com/oauth2/v3/token  
 <request body omitted>
[debug] [2020-06-12T18:51:09.938Z] <<< HTTP RESPONSE 200 {"content-type":"application/json; charset=utf-8","vary":"X-Origin, Referer, Origin,Accept-Encoding","date":"Fri, 12 Jun 2020 18:51:11 GMT","server":"scaffolding on HTTPServer2","cache-control":"private","x-xss-protection":"0","x-frame-options":"SAMEORIGIN","x-content-type-options":"nosniff","alt-svc":"h3-27=\":443\"; ma=2592000,h3-25=\":443\"; ma=2592000,h3-T050=\":443\"; ma=2592000,h3-Q050=\":443\"; ma=2592000,h3-Q049=\":443\"; ma=2592000,h3-Q048=\":443\"; ma=2592000,h3-Q046=\":443\"; ma=2592000,h3-Q043=\":443\"; ma=2592000,quic=\":443\"; ma=2592000; v=\"46,43\"","accept-ranges":"none","transfer-encoding":"chunked"}
[debug] [2020-06-12T18:51:09.945Z] >>> HTTP REQUEST POST https://cloudresourcemanager.googleapis.com/v1/projects/ucla-18144:testIamPermissions  
 {"permissions":["datastore.indexes.create","datastore.indexes.delete","datastore.indexes.list","datastore.indexes.update","firebase.projects.get","firebasedatabase.instances.update","firebasehosting.sites.update"]}
[debug] [2020-06-12T18:51:10.173Z] <<< HTTP RESPONSE 200 {"content-type":"application/json; charset=UTF-8","vary":"X-Origin, Referer, Origin,Accept-Encoding","date":"Fri, 12 Jun 2020 18:51:11 GMT","server":"ESF","cache-control":"private","x-xss-protection":"0","x-frame-options":"SAMEORIGIN","x-content-type-options":"nosniff","server-timing":"gfet4t7; dur=195","alt-svc":"h3-27=\":443\"; ma=2592000,h3-25=\":443\"; ma=2592000,h3-T050=\":443\"; ma=2592000,h3-Q050=\":443\"; ma=2592000,h3-Q049=\":443\"; ma=2592000,h3-Q048=\":443\"; ma=2592000,h3-Q046=\":443\"; ma=2592000,h3-Q043=\":443\"; ma=2592000,quic=\":443\"; ma=2592000; v=\"46,43\"","accept-ranges":"none","transfer-encoding":"chunked"}
[debug] [2020-06-12T18:51:10.174Z] [iam] error while checking permissions, command may fail: FirebaseError: Authorization failed. This account is missing the following required permissions on project ucla-18144:

  datastore.indexes.create
  datastore.indexes.delete
  datastore.indexes.list
  datastore.indexes.update
  firebase.projects.get
  firebasedatabase.instances.update
  firebasehosting.sites.update
[debug] [2020-06-12T18:51:10.175Z] >>> HTTP REQUEST GET https://firebase.googleapis.com/v1beta1/projects/ucla-18144  
 
[debug] [2020-06-12T18:51:10.375Z] <<< HTTP RESPONSE 403 {"vary":"X-Origin, Referer, Origin,Accept-Encoding","content-type":"application/json; charset=UTF-8","date":"Fri, 12 Jun 2020 18:51:11 GMT","server":"ESF","cache-control":"private","x-xss-protection":"0","x-frame-options":"SAMEORIGIN","x-content-type-options":"nosniff","alt-svc":"h3-27=\":443\"; ma=2592000,h3-25=\":443\"; ma=2592000,h3-T050=\":443\"; ma=2592000,h3-Q050=\":443\"; ma=2592000,h3-Q049=\":443\"; ma=2592000,h3-Q048=\":443\"; ma=2592000,h3-Q046=\":443\"; ma=2592000,h3-Q043=\":443\"; ma=2592000,quic=\":443\"; ma=2592000; v=\"46,43\"","accept-ranges":"none","transfer-encoding":"chunked"}
[debug] [2020-06-12T18:51:10.375Z] <<< HTTP RESPONSE BODY {"error":{"code":403,"message":"The caller does not have permission","status":"PERMISSION_DENIED"}}
[debug] [2020-06-12T18:51:10.376Z] HTTP Error: 403, The caller does not have permission
[debug] [2020-06-12T18:51:10.429Z] FirebaseError: HTTP Error: 403, The caller does not have permission
    at module.exports (C:\Users\atd68\AppData\Roaming\npm\node_modules\firebase-tools\lib\responseToError.js:38:12)
    at Request._callback (C:\Users\atd68\AppData\Roaming\npm\node_modules\firebase-tools\lib\api.js:41:35)
    at Request.self.callback (C:\Users\atd68\AppData\Roaming\npm\node_modules\firebase-tools\node_modules\request\request.js:185:22)
    at Request.emit (events.js:182:13)
    at Request.EventEmitter.emit (domain.js:441:20)
    at Request.<anonymous> (C:\Users\atd68\AppData\Roaming\npm\node_modules\firebase-tools\node_modules\request\request.js:1154:10)
    at Request.emit (events.js:182:13)
    at Request.EventEmitter.emit (domain.js:441:20)
    at IncomingMessage.<anonymous> (C:\Users\atd68\AppData\Roaming\npm\node_modules\firebase-tools\node_modules\request\request.js:1076:12)
    at Object.onceWrapper (events.js:273:13)
    at IncomingMessage.emit (events.js:187:15)
    at IncomingMessage.EventEmitter.emit (domain.js:441:20)
    at endReadableNT (_stream_readable.js:1094:12)
    at process._tickCallback (internal/process/next_tick.js:63:19)
[error] 
[error] Error: Failed to get Firebase project ucla-18144. Please make sure the project exists and your account has permission to access it.
